#
# There is insufficient memory for the Java Runtime Environment to continue.
# Native memory allocation (mmap) failed to map 155189248 bytes for committing reserved memory.
# Possible reasons:
#   The system is out of physical RAM or swap space
#   In 32 bit mode, the process size limit was hit
# Possible solutions:
#   Reduce memory load on the system
#   Increase physical memory or swap space
#   Check if swap backing store is full
#   Use 64 bit Java on a 64 bit OS
#   Decrease Java heap size (-Xmx/-Xms)
#   Decrease number of Java threads
#   Decrease Java thread stack sizes (-Xss)
#   Set larger code cache with -XX:ReservedCodeCacheSize=
# This output file may be truncated or incomplete.
#
#  Out of Memory Error (os_linux.cpp:2627), pid=31032, tid=0x00007fb389af2700
#
# JRE version: Java(TM) SE Runtime Environment (8.0_111-b14) (build 1.8.0_111-b14)
# Java VM: Java HotSpot(TM) 64-Bit Server VM (25.111-b14 mixed mode linux-amd64 compressed oops)
# Failed to write core dump. Core dumps have been disabled. To enable core dumping, try "ulimit -c unlimited" before starting Java again
#

---------------  T H R E A D  ---------------

Current thread (0x00007fb3a0077800):  VMThread [stack: 0x00007fb3899f2000,0x00007fb389af3000] [id=31038]

Stack: [0x00007fb3899f2000,0x00007fb389af3000],  sp=0x00007fb389af1160,  free space=1020k
Native frames: (J=compiled Java code, j=interpreted, Vv=VM code, C=native code)
V  [libjvm.so+0xac5c2a]  VMError::report_and_die()+0x2ba
V  [libjvm.so+0x4fc50b]  report_vm_out_of_memory(char const*, int, unsigned long, VMErrorType, char const*)+0x8b
V  [libjvm.so+0x922ae3]  os::Linux::commit_memory_impl(char*, unsigned long, bool)+0x103
V  [libjvm.so+0x923039]  os::pd_commit_memory(char*, unsigned long, unsigned long, bool)+0x29
V  [libjvm.so+0x91d33a]  os::commit_memory(char*, unsigned long, unsigned long, bool)+0x2a
V  [libjvm.so+0x991ac3]  PSVirtualSpace::expand_by(unsigned long)+0x53
V  [libjvm.so+0x982380]  PSOldGen::expand(unsigned long)+0x170
V  [libjvm.so+0x98258b]  PSOldGen::resize(unsigned long)+0x1cb
V  [libjvm.so+0x98a291]  PSParallelCompact::invoke_no_policy(bool)+0x991
V  [libjvm.so+0x98fbed]  PSScavenge::invoke()+0x1ad
V  [libjvm.so+0x9467d0]  ParallelScavengeHeap::failed_mem_allocate(unsigned long)+0x70
V  [libjvm.so+0xac7647]  VM_ParallelGCFailedAllocation::doit()+0x97
V  [libjvm.so+0xacf125]  VM_Operation::evaluate()+0x55
V  [libjvm.so+0xacd4fa]  VMThread::evaluate_operation(VM_Operation*)+0xba
V  [libjvm.so+0xacd87e]  VMThread::loop()+0x1ce
V  [libjvm.so+0xacdcf0]  VMThread::run()+0x70
V  [libjvm.so+0x924ea8]  java_start(Thread*)+0x108

VM_Operation (0x00007fb3a8cd39e0): ParallelGCFailedAllocation, mode: safepoint, requested by thread 0x00007fb3a000a000


---------------  P R O C E S S  ---------------

Java Threads: ( => current thread )
  0x00007fb3a029c000 JavaThread "Timer-0" daemon [_thread_blocked, id=31047, stack(0x00007fb388991000,0x00007fb388a92000)]
  0x00007fb3a00c1800 JavaThread "Service Thread" daemon [_thread_blocked, id=31045, stack(0x00007fb388bf3000,0x00007fb388cf4000)]
  0x00007fb3a00be000 JavaThread "C1 CompilerThread2" daemon [_thread_blocked, id=31044, stack(0x00007fb388cf4000,0x00007fb388df5000)]
  0x00007fb3a00bc800 JavaThread "C2 CompilerThread1" daemon [_thread_blocked, id=31043, stack(0x00007fb388df5000,0x00007fb388ef6000)]
  0x00007fb3a00b9800 JavaThread "C2 CompilerThread0" daemon [_thread_blocked, id=31042, stack(0x00007fb388ef6000,0x00007fb388ff7000)]
  0x00007fb3a00b8000 JavaThread "Signal Dispatcher" daemon [_thread_blocked, id=31041, stack(0x00007fb388ff7000,0x00007fb3890f8000)]
  0x00007fb3a0084000 JavaThread "Finalizer" daemon [_thread_blocked, id=31040, stack(0x00007fb3897f0000,0x00007fb3898f1000)]
  0x00007fb3a007f800 JavaThread "Reference Handler" daemon [_thread_blocked, id=31039, stack(0x00007fb3898f1000,0x00007fb3899f2000)]
  0x00007fb3a000a000 JavaThread "main" [_thread_blocked, id=31033, stack(0x00007fb3a8bd5000,0x00007fb3a8cd6000)]

Other Threads:
=>0x00007fb3a0077800 VMThread [stack: 0x00007fb3899f2000,0x00007fb389af3000] [id=31038]
  0x00007fb3a00c4800 WatcherThread [stack: 0x00007fb388af2000,0x00007fb388bf3000] [id=31046]

VM state:at safepoint (normal execution)

VM Mutex/Monitor currently owned by a thread:  ([mutex/lock_event])
[0x00007fb3a0005b20] ExpandHeap_lock - owner thread: 0x00007fb3a0077800
[0x00007fb3a00061a0] Threads_lock - owner thread: 0x00007fb3a0077800
[0x00007fb3a00066a0] Heap_lock - owner thread: 0x00007fb3a000a000

Heap:
 PSYoungGen      total 253952K, used 0K [0x0000000780000000, 0x000000079bd00000, 0x00000007c0000000)
  eden space 56832K, 0% used [0x0000000780000000,0x0000000780000000,0x0000000783780000)
  from space 197120K, 0% used [0x0000000783780000,0x0000000783780000,0x000000078f800000)
  to   space 194048K, 0% used [0x000000078ff80000,0x000000078ff80000,0x000000079bd00000)
 ParOldGen       total 472064K, used 471315K [0x0000000700000000, 0x000000071cd00000, 0x0000000780000000)
  object space 472064K, 99% used [0x0000000700000000,0x000000071cc44fb0,0x000000071cd00000)
 Metaspace       used 8620K, capacity 8876K, committed 8960K, reserved 1056768K
  class space    used 928K, capacity 1022K, committed 1024K, reserved 1048576K

Card table byte_map: [0x00007fb3a538c000,0x00007fb3a598d000] byte_map_base: 0x00007fb3a1b8c000

Marking Bits: (ParMarkBitMap*) 0x00007fb3a80ae220
 Begin Bits: [0x00007fb38b000000, 0x00007fb38e000000)
 End Bits:   [0x00007fb38e000000, 0x00007fb391000000)

Polling page: 0x00007fb3a8cf7000

CodeCache: size=245760Kb used=4773Kb max_used=4774Kb free=240986Kb
 bounds [0x00007fb391000000, 0x00007fb3914c0000, 0x00007fb3a0000000]
 total_blobs=1485 nmethods=1178 adapters=221
 compilation: enabled

Compilation events (10 events):
Event: 73.563 Thread 0x00007fb3a00b9800 nmethod 1178 0x00007fb3914aad90 code [0x00007fb3914aaf80, 0x00007fb3914abd40]
Event: 73.770 Thread 0x00007fb3a00be000 nmethod 1175 0x00007fb3914a3cd0 code [0x00007fb3914a3ee0, 0x00007fb3914a4b58]
Event: 73.770 Thread 0x00007fb3a00be000 1176       2       java.util.concurrent.ConcurrentHashMap$BaseIterator::hasNext (13 bytes)
Event: 73.770 Thread 0x00007fb3a00be000 nmethod 1176 0x00007fb3914a3090 code [0x00007fb3914a31e0, 0x00007fb3914a3350]
Event: 73.770 Thread 0x00007fb3a00be000 1177       2       java.util.concurrent.ConcurrentHashMap$KeyIterator::next (34 bytes)
Event: 73.771 Thread 0x00007fb3a00be000 nmethod 1177 0x00007fb3914a2b50 code [0x00007fb3914a2ce0, 0x00007fb3914a2f38]
Event: 74.468 Thread 0x00007fb3a00be000 1181       3       java.io.ObjectStreamClass$FieldReflectorKey::<init> (95 bytes)
Event: 74.469 Thread 0x00007fb3a00be000 nmethod 1181 0x00007fb3914a9a10 code [0x00007fb3914a9c20, 0x00007fb3914aa7e8]
Event: 74.471 Thread 0x00007fb3a00be000 1182       3       java.io.ObjectInputStream::readNull (27 bytes)
Event: 74.471 Thread 0x00007fb3a00be000 nmethod 1182 0x00007fb3914a2450 code [0x00007fb3914a2600, 0x00007fb3914a2988]

GC Heap History (10 events):
Event: 42.256 GC heap after
Heap after GC invocations=26 (full 4):
 PSYoungGen      total 245760K, used 95904K [0x0000000780000000, 0x000000079c780000, 0x00000007c0000000)
  eden space 46592K, 0% used [0x0000000780000000,0x0000000780000000,0x0000000782d80000)
  from space 199168K, 48% used [0x0000000790500000,0x00000007962a8030,0x000000079c780000)
  to   space 209920K, 0% used [0x0000000782d80000,0x0000000782d80000,0x000000078fa80000)
 ParOldGen       total 342528K, used 311320K [0x0000000700000000, 0x0000000714e80000, 0x0000000780000000)
  object space 342528K, 90% used [0x0000000700000000,0x0000000713006378,0x0000000714e80000)
 Metaspace       used 8600K, capacity 8864K, committed 8960K, reserved 1056768K
  class space    used 925K, capacity 1020K, committed 1024K, reserved 1048576K
}
Event: 42.256 GC heap before
{Heap before GC invocations=27 (full 5):
 PSYoungGen      total 245760K, used 95904K [0x0000000780000000, 0x000000079c780000, 0x00000007c0000000)
  eden space 46592K, 0% used [0x0000000780000000,0x0000000780000000,0x0000000782d80000)
  from space 199168K, 48% used [0x0000000790500000,0x00000007962a8030,0x000000079c780000)
  to   space 209920K, 0% used [0x0000000782d80000,0x0000000782d80000,0x000000078fa80000)
 ParOldGen       total 342528K, used 311320K [0x0000000700000000, 0x0000000714e80000, 0x0000000780000000)
  object space 342528K, 90% used [0x0000000700000000,0x0000000713006378,0x0000000714e80000)
 Metaspace       used 8600K, capacity 8864K, committed 8960K, reserved 1056768K
  class space    used 925K, capacity 1020K, committed 1024K, reserved 1048576K
Event: 49.160 GC heap after
Heap after GC invocations=27 (full 5):
 PSYoungGen      total 245760K, used 64579K [0x0000000780000000, 0x000000079c780000, 0x00000007c0000000)
  eden space 46592K, 0% used [0x0000000780000000,0x0000000780000000,0x0000000782d80000)
  from space 199168K, 32% used [0x0000000790500000,0x0000000794410f48,0x000000079c780000)
  to   space 209920K, 0% used [0x0000000782d80000,0x0000000782d80000,0x000000078fa80000)
 ParOldGen       total 472064K, used 342239K [0x0000000700000000, 0x000000071cd00000, 0x0000000780000000)
  object space 472064K, 72% used [0x0000000700000000,0x0000000714e37e70,0x000000071cd00000)
 Metaspace       used 8600K, capacity 8864K, committed 8960K, reserved 1056768K
  class space    used 925K, capacity 1020K, committed 1024K, reserved 1048576K
}
Event: 73.990 GC heap before
{Heap before GC invocations=28 (full 5):
 PSYoungGen      total 245760K, used 111171K [0x0000000780000000, 0x000000079c780000, 0x00000007c0000000)
  eden space 46592K, 100% used [0x0000000780000000,0x0000000782d80000,0x0000000782d80000)
  from space 199168K, 32% used [0x0000000790500000,0x0000000794410f48,0x000000079c780000)
  to   space 209920K, 0% used [0x0000000782d80000,0x0000000782d80000,0x000000078fa80000)
 ParOldGen       total 472064K, used 342239K [0x0000000700000000, 0x000000071cd00000, 0x0000000780000000)
  object space 472064K, 72% used [0x0000000700000000,0x0000000714e37e70,0x000000071cd00000)
 Metaspace       used 8619K, capacity 8876K, committed 8960K, reserved 1056768K
  class space    used 928K, capacity 1022K, committed 1024K, reserved 1048576K
Event: 74.382 GC heap after
Heap after GC invocations=28 (full 5):
 PSYoungGen      total 256512K, used 69950K [0x0000000780000000, 0x000000079c680000, 0x00000007c0000000)
  eden space 46592K, 0% used [0x0000000780000000,0x0000000780000000,0x0000000782d80000)
  from space 209920K, 33% used [0x0000000782d80000,0x00000007871cf820,0x000000078fa80000)
  to   space 203776K, 0% used [0x000000078ff80000,0x000000078ff80000,0x000000079c680000)
 ParOldGen       total 472064K, used 375335K [0x0000000700000000, 0x000000071cd00000, 0x0000000780000000)
  object space 472064K, 79% used [0x0000000700000000,0x0000000716e89e70,0x000000071cd00000)
 Metaspace       used 8619K, capacity 8876K, committed 8960K, reserved 1056768K
  class space    used 928K, capacity 1022K, committed 1024K, reserved 1048576K
}
Event: 75.460 GC heap before
{Heap before GC invocations=29 (full 5):
 PSYoungGen      total 256512K, used 116542K [0x0000000780000000, 0x000000079c680000, 0x00000007c0000000)
  eden space 46592K, 100% used [0x0000000780000000,0x0000000782d80000,0x0000000782d80000)
  from space 209920K, 33% used [0x0000000782d80000,0x00000007871cf820,0x000000078fa80000)
  to   space 203776K, 0% used [0x000000078ff80000,0x000000078ff80000,0x000000079c680000)
 ParOldGen       total 472064K, used 375335K [0x0000000700000000, 0x000000071cd00000, 0x0000000780000000)
  object space 472064K, 79% used [0x0000000700000000,0x0000000716e89e70,0x000000071cd00000)
 Metaspace       used 8620K, capacity 8876K, committed 8960K, reserved 1056768K
  class space    used 928K, capacity 1022K, committed 1024K, reserved 1048576K
Event: 76.144 GC heap after
Heap after GC invocations=29 (full 5):
 PSYoungGen      total 246272K, used 74424K [0x0000000780000000, 0x000000079b880000, 0x00000007c0000000)
  eden space 56832K, 0% used [0x0000000780000000,0x0000000780000000,0x0000000783780000)
  from space 189440K, 39% used [0x000000078ff80000,0x000000079482e2a8,0x000000079b880000)
  to   space 197120K, 0% used [0x0000000783780000,0x0000000783780000,0x000000078f800000)
 ParOldGen       total 472064K, used 395095K [0x0000000700000000, 0x000000071cd00000, 0x0000000780000000)
  object space 472064K, 83% used [0x0000000700000000,0x00000007181d5e70,0x000000071cd00000)
 Metaspace       used 8620K, capacity 8876K, committed 8960K, reserved 1056768K
  class space    used 928K, capacity 1022K, committed 1024K, reserved 1048576K
}
Event: 77.172 GC heap before
{Heap before GC invocations=30 (full 5):
 PSYoungGen      total 246272K, used 131256K [0x0000000780000000, 0x000000079b880000, 0x00000007c0000000)
  eden space 56832K, 100% used [0x0000000780000000,0x0000000783780000,0x0000000783780000)
  from space 189440K, 39% used [0x000000078ff80000,0x000000079482e2a8,0x000000079b880000)
  to   space 197120K, 0% used [0x0000000783780000,0x0000000783780000,0x000000078f800000)
 ParOldGen       total 472064K, used 395095K [0x0000000700000000, 0x000000071cd00000, 0x0000000780000000)
  object space 472064K, 83% used [0x0000000700000000,0x00000007181d5e70,0x000000071cd00000)
 Metaspace       used 8620K, capacity 8876K, committed 8960K, reserved 1056768K
  class space    used 928K, capacity 1022K, committed 1024K, reserved 1048576K
Event: 87.472 GC heap after
Heap after GC invocations=30 (full 5):
 PSYoungGen      total 253952K, used 52882K [0x0000000780000000, 0x000000079bd00000, 0x00000007c0000000)
  eden space 56832K, 0% used [0x0000000780000000,0x0000000780000000,0x0000000783780000)
  from space 197120K, 26% used [0x0000000783780000,0x0000000786b24ab8,0x000000078f800000)
  to   space 194048K, 0% used [0x000000078ff80000,0x000000078ff80000,0x000000079bd00000)
 ParOldGen       total 472064K, used 444821K [0x0000000700000000, 0x000000071cd00000, 0x0000000780000000)
  object space 472064K, 94% used [0x0000000700000000,0x000000071b265680,0x000000071cd00000)
 Metaspace       used 8620K, capacity 8876K, committed 8960K, reserved 1056768K
  class space    used 928K, capacity 1022K, committed 1024K, reserved 1048576K
}
Event: 88.181 GC heap before
{Heap before GC invocations=31 (full 6):
 PSYoungGen      total 253952K, used 52882K [0x0000000780000000, 0x000000079bd00000, 0x00000007c0000000)
  eden space 56832K, 0% used [0x0000000780000000,0x0000000780000000,0x0000000783780000)
  from space 197120K, 26% used [0x0000000783780000,0x0000000786b24ab8,0x000000078f800000)
  to   space 194048K, 0% used [0x000000078ff80000,0x000000078ff80000,0x000000079bd00000)
 ParOldGen       total 472064K, used 444821K [0x0000000700000000, 0x000000071cd00000, 0x0000000780000000)
  object space 472064K, 94% used [0x0000000700000000,0x000000071b265680,0x000000071cd00000)
 Metaspace       used 8620K, capacity 8876K, committed 8960K, reserved 1056768K
  class space    used 928K, capacity 1022K, committed 1024K, reserved 1048576K

Deoptimization events (10 events):
Event: 14.222 Thread 0x00007fb3a000a000 Uncommon trap: reason=class_check action=maybe_recompile pc=0x00007fb3913ca288 method=java.util.regex.Pattern$BmpCharProperty.match(Ljava/util/regex/Matcher;ILjava/lang/CharSequence;)Z @ 16
Event: 14.222 Thread 0x00007fb3a000a000 Uncommon trap: reason=class_check action=maybe_recompile pc=0x00007fb3913ca288 method=java.util.regex.Pattern$BmpCharProperty.match(Ljava/util/regex/Matcher;ILjava/lang/CharSequence;)Z @ 16
Event: 14.222 Thread 0x00007fb3a000a000 Uncommon trap: reason=class_check action=maybe_recompile pc=0x00007fb39141c524 method=java.util.regex.Pattern$Start.match(Ljava/util/regex/Matcher;ILjava/lang/CharSequence;)Z @ 44
Event: 14.223 Thread 0x00007fb3a000a000 Uncommon trap: reason=unstable_if action=reinterpret pc=0x00007fb39142c378 method=java.util.regex.Pattern.split(Ljava/lang/CharSequence;I)[Ljava/lang/String; @ 54
Event: 14.223 Thread 0x00007fb3a000a000 Uncommon trap: reason=class_check action=maybe_recompile pc=0x00007fb39141c524 method=java.util.regex.Pattern$Start.match(Ljava/util/regex/Matcher;ILjava/lang/CharSequence;)Z @ 44
Event: 14.223 Thread 0x00007fb3a000a000 Uncommon trap: reason=class_check action=maybe_recompile pc=0x00007fb39141c524 method=java.util.regex.Pattern$Start.match(Ljava/util/regex/Matcher;ILjava/lang/CharSequence;)Z @ 44
Event: 14.223 Thread 0x00007fb3a000a000 Uncommon trap: reason=class_check action=maybe_recompile pc=0x00007fb391419f38 method=java.util.regex.Pattern$Start.match(Ljava/util/regex/Matcher;ILjava/lang/CharSequence;)Z @ 44
Event: 22.163 Thread 0x00007fb3a000a000 Uncommon trap: reason=unstable_if action=reinterpret pc=0x00007fb3913895e8 method=java.io.ObjectStreamClass.matchFields([Ljava/io/ObjectStreamField;Ljava/io/ObjectStreamClass;)[Ljava/io/ObjectStreamField; @ 77
Event: 22.178 Thread 0x00007fb3a000a000 Uncommon trap: reason=unstable_if action=reinterpret pc=0x00007fb3913347d0 method=java.lang.Math.min(JJ)J @ 3
Event: 73.119 Thread 0x00007fb3a000a000 Uncommon trap: reason=unstable_if action=reinterpret pc=0x00007fb3913ab4b0 method=java.io.ObjectInputStream$HandleTable.lookupException(I)Ljava/lang/ClassNotFoundException; @ 2

Internal exceptions (10 events):
Event: 0.040 Thread 0x00007fb3a000a000 Exception <a 'java/lang/NoSuchMethodError': Method sun.misc.Unsafe.prefetchRead(Ljava/lang/Object;J)V name or signature does not match> (0x0000000780007f60) thrown at [/HUDSON3/workspace/8-2-build-linux-amd64/jdk8u111/7883/hotspot/src/share/vm/prims/jni.c
Event: 0.244 Thread 0x00007fb3a000a000 Exception <a 'java/lang/NoSuchFieldError': method resolution failed> (0x00000007802a5f00) thrown at [/HUDSON3/workspace/8-2-build-linux-amd64/jdk8u111/7883/hotspot/src/share/vm/prims/methodHandles.cpp, line 1146]
Event: 0.248 Thread 0x00007fb3a000a000 Exception <a 'java/lang/NoSuchFieldError': method resolution failed> (0x00000007802b3280) thrown at [/HUDSON3/workspace/8-2-build-linux-amd64/jdk8u111/7883/hotspot/src/share/vm/prims/methodHandles.cpp, line 1146]
Event: 0.446 Thread 0x00007fb3a000a000 Exception <a 'java/security/PrivilegedActionException'> (0x000000078075c670) thrown at [/HUDSON3/workspace/8-2-build-linux-amd64/jdk8u111/7883/hotspot/src/share/vm/prims/jvm.cpp, line 1386]
Event: 0.446 Thread 0x00007fb3a000a000 Exception <a 'java/security/PrivilegedActionException'> (0x000000078075ca68) thrown at [/HUDSON3/workspace/8-2-build-linux-amd64/jdk8u111/7883/hotspot/src/share/vm/prims/jvm.cpp, line 1386]
Event: 0.447 Thread 0x00007fb3a000a000 Exception <a 'java/security/PrivilegedActionException'> (0x000000078075f090) thrown at [/HUDSON3/workspace/8-2-build-linux-amd64/jdk8u111/7883/hotspot/src/share/vm/prims/jvm.cpp, line 1386]
Event: 0.447 Thread 0x00007fb3a000a000 Exception <a 'java/security/PrivilegedActionException'> (0x000000078075f488) thrown at [/HUDSON3/workspace/8-2-build-linux-amd64/jdk8u111/7883/hotspot/src/share/vm/prims/jvm.cpp, line 1386]
Event: 0.936 Thread 0x00007fb3a000a000 Implicit null exception at 0x00007fb391257f76 to 0x00007fb391258371
Event: 3.471 Thread 0x00007fb3a000a000 Implicit null exception at 0x00007fb391259b55 to 0x00007fb391259c99
Event: 3.472 Thread 0x00007fb3a000a000 Implicit null exception at 0x00007fb39123ad03 to 0x00007fb39123ae15

Events (10 events):
Event: 73.440 loading class java/util/concurrent/ConcurrentHashMap$BaseIterator
Event: 73.440 loading class java/util/concurrent/ConcurrentHashMap$Traverser
Event: 73.443 loading class java/util/concurrent/ConcurrentHashMap$Traverser done
Event: 73.443 loading class java/util/concurrent/ConcurrentHashMap$BaseIterator done
Event: 73.443 loading class java/util/concurrent/ConcurrentHashMap$KeyIterator done
Event: 73.989 Executing VM operation: ParallelGCFailedAllocation
Event: 74.382 Executing VM operation: ParallelGCFailedAllocation done
Event: 75.460 Executing VM operation: ParallelGCFailedAllocation
Event: 76.145 Executing VM operation: ParallelGCFailedAllocation done
Event: 77.172 Executing VM operation: ParallelGCFailedAllocation


Dynamic libraries:
00400000-00401000 r-xp 00000000 08:06 1984099                            /usr/lib/jvm/java-8-oracle/jre/bin/java
00600000-00601000 rw-p 00000000 08:06 1984099                            /usr/lib/jvm/java-8-oracle/jre/bin/java
01183000-011a4000 rw-p 00000000 00:00 0                                  [heap]
700000000-71cd00000 rw-p 00000000 00:00 0 
726100000-780000000 ---p 00000000 00:00 0 
780000000-79bd00000 rw-p 00000000 00:00 0 
79bd00000-7c0000000 ---p 00000000 00:00 0 
7c0000000-7c0100000 rw-p 00000000 00:00 0 
7c0100000-800000000 ---p 00000000 00:00 0 
7fb34c000000-7fb34c021000 rw-p 00000000 00:00 0 
7fb34c021000-7fb350000000 ---p 00000000 00:00 0 
7fb350000000-7fb350021000 rw-p 00000000 00:00 0 
7fb350021000-7fb354000000 ---p 00000000 00:00 0 
7fb354000000-7fb3542aa000 rw-p 00000000 00:00 0 
7fb3542aa000-7fb358000000 ---p 00000000 00:00 0 
7fb358000000-7fb358021000 rw-p 00000000 00:00 0 
7fb358021000-7fb35c000000 ---p 00000000 00:00 0 
7fb35c000000-7fb35c4a1000 rw-p 00000000 00:00 0 
7fb35c4a1000-7fb360000000 ---p 00000000 00:00 0 
7fb360000000-7fb36072a000 rw-p 00000000 00:00 0 
7fb36072a000-7fb364000000 ---p 00000000 00:00 0 
7fb364000000-7fb364021000 rw-p 00000000 00:00 0 
7fb364021000-7fb368000000 ---p 00000000 00:00 0 
7fb368000000-7fb368021000 rw-p 00000000 00:00 0 
7fb368021000-7fb36c000000 ---p 00000000 00:00 0 
7fb36c000000-7fb36c28e000 rw-p 00000000 00:00 0 
7fb36c28e000-7fb370000000 ---p 00000000 00:00 0 
7fb370000000-7fb370021000 rw-p 00000000 00:00 0 
7fb370021000-7fb374000000 ---p 00000000 00:00 0 
7fb374000000-7fb3741e3000 rw-p 00000000 00:00 0 
7fb3741e3000-7fb378000000 ---p 00000000 00:00 0 
7fb37c000000-7fb37c899000 rw-p 00000000 00:00 0 
7fb37c899000-7fb380000000 ---p 00000000 00:00 0 
7fb380000000-7fb3801cd000 rw-p 00000000 00:00 0 
7fb3801cd000-7fb384000000 ---p 00000000 00:00 0 
7fb384000000-7fb38411c000 rw-p 00000000 00:00 0 
7fb38411c000-7fb388000000 ---p 00000000 00:00 0 
7fb388965000-7fb38896a000 r--s 0002f000 08:06 2647722                    /home/mohamed/Desktop/stanford-corenlp-full-2016-10-31/ejml-0.23.jar
7fb38896a000-7fb388970000 r--s 000b8000 08:06 2647730                    /home/mohamed/Desktop/stanford-corenlp-full-2016-10-31/joda-time-2.9-sources.jar
7fb388970000-7fb388991000 r--s 004d8000 08:06 2647718                    /home/mohamed/Desktop/stanford-corenlp-full-2016-10-31/stanford-corenlp-3.7.0-sources.jar
7fb388991000-7fb388994000 ---p 00000000 00:00 0 
7fb388994000-7fb388a92000 rw-p 00000000 00:00 0                          [stack:31047]
7fb388a92000-7fb388a99000 r--s 00046000 08:06 2647714                    /home/mohamed/Desktop/stanford-corenlp-full-2016-10-31/xom.jar
7fb388a99000-7fb388ae9000 r--s 00727000 08:06 2647694                    /home/mohamed/Desktop/stanford-corenlp-full-2016-10-31/stanford-corenlp-3.7.0.jar
7fb388ae9000-7fb388af2000 r--s 00089000 08:06 2647702                    /home/mohamed/Desktop/stanford-corenlp-full-2016-10-31/protobuf.jar
7fb388af2000-7fb388af3000 ---p 00000000 00:00 0 
7fb388af3000-7fb388bf3000 rw-p 00000000 00:00 0                          [stack:31046]
7fb388bf3000-7fb388bf6000 ---p 00000000 00:00 0 
7fb388bf6000-7fb388cf4000 rw-p 00000000 00:00 0                          [stack:31045]
7fb388cf4000-7fb388cf7000 ---p 00000000 00:00 0 
7fb388cf7000-7fb388df5000 rw-p 00000000 00:00 0                          [stack:31044]
7fb388df5000-7fb388df8000 ---p 00000000 00:00 0 
7fb388df8000-7fb388ef6000 rw-p 00000000 00:00 0                          [stack:31043]
7fb388ef6000-7fb388ef9000 ---p 00000000 00:00 0 
7fb388ef9000-7fb388ff7000 rw-p 00000000 00:00 0                          [stack:31042]
7fb388ff7000-7fb388ffa000 ---p 00000000 00:00 0 
7fb388ffa000-7fb3890f8000 rw-p 00000000 00:00 0                          [stack:31041]
7fb3890f8000-7fb3897f0000 r--p 00000000 08:06 1843167                    /usr/lib/locale/locale-archive
7fb3897f0000-7fb3897f3000 ---p 00000000 00:00 0 
7fb3897f3000-7fb3898f1000 rw-p 00000000 00:00 0                          [stack:31040]
7fb3898f1000-7fb3898f4000 ---p 00000000 00:00 0 
7fb3898f4000-7fb3899f2000 rw-p 00000000 00:00 0                          [stack:31039]
7fb3899f2000-7fb3899f3000 ---p 00000000 00:00 0 
7fb3899f3000-7fb38afc0000 rw-p 00000000 00:00 0                          [stack:31038]
7fb38afc0000-7fb38b000000 ---p 00000000 00:00 0 
7fb38b000000-7fb391000000 rw-p 00000000 00:00 0 
7fb391000000-7fb3914c0000 rwxp 00000000 00:00 0 
7fb3914c0000-7fb3a0000000 ---p 00000000 00:00 0 
7fb3a0000000-7fb3a042e000 rw-p 00000000 00:00 0 
7fb3a042e000-7fb3a4000000 ---p 00000000 00:00 0 
7fb3a4004000-7fb3a4007000 r--s 00012000 08:06 2647724                    /home/mohamed/Desktop/stanford-corenlp-full-2016-10-31/javax.json.jar
7fb3a4007000-7fb3a4044000 r--s 00904000 08:06 2647700                    /home/mohamed/Desktop/stanford-corenlp-full-2016-10-31/stanford-corenlp-3.7.0-javadoc.jar
7fb3a4044000-7fb3a433a000 rw-p 00000000 00:00 0 
7fb3a433a000-7fb3a4512000 r--s 03d2a000 08:06 1983781                    /usr/lib/jvm/java-8-oracle/jre/lib/rt.jar
7fb3a4512000-7fb3a4b88000 rw-p 00000000 00:00 0 
7fb3a4b88000-7fb3a4b89000 ---p 00000000 00:00 0 
7fb3a4b89000-7fb3a4c89000 rw-p 00000000 00:00 0                          [stack:31037]
7fb3a4c89000-7fb3a4c8a000 ---p 00000000 00:00 0 
7fb3a4c8a000-7fb3a4d8a000 rw-p 00000000 00:00 0                          [stack:31036]
7fb3a4d8a000-7fb3a4d8b000 ---p 00000000 00:00 0 
7fb3a4d8b000-7fb3a4e8b000 rw-p 00000000 00:00 0                          [stack:31035]
7fb3a4e8b000-7fb3a4e8c000 ---p 00000000 00:00 0 
7fb3a4e8c000-7fb3a5073000 rw-p 00000000 00:00 0                          [stack:31034]
7fb3a5073000-7fb3a538c000 ---p 00000000 00:00 0 
7fb3a538c000-7fb3a5473000 rw-p 00000000 00:00 0 
7fb3a5473000-7fb3a578c000 ---p 00000000 00:00 0 
7fb3a578c000-7fb3a586b000 rw-p 00000000 00:00 0 
7fb3a586b000-7fb3a598c000 ---p 00000000 00:00 0 
7fb3a598c000-7fb3a59a0000 rw-p 00000000 00:00 0 
7fb3a59a0000-7fb3a5d4d000 ---p 00000000 00:00 0 
7fb3a5d4d000-7fb3a5d67000 r-xp 00000000 08:06 1983799                    /usr/lib/jvm/java-8-oracle/jre/lib/amd64/libzip.so
7fb3a5d67000-7fb3a5f67000 ---p 0001a000 08:06 1983799                    /usr/lib/jvm/java-8-oracle/jre/lib/amd64/libzip.so
7fb3a5f67000-7fb3a5f68000 rw-p 0001a000 08:06 1983799                    /usr/lib/jvm/java-8-oracle/jre/lib/amd64/libzip.so
7fb3a5f68000-7fb3a5f72000 r-xp 00000000 08:06 927219                     /lib/x86_64-linux-gnu/libnss_files-2.19.so
7fb3a5f72000-7fb3a6171000 ---p 0000a000 08:06 927219                     /lib/x86_64-linux-gnu/libnss_files-2.19.so
7fb3a6171000-7fb3a6172000 r--p 00009000 08:06 927219                     /lib/x86_64-linux-gnu/libnss_files-2.19.so
7fb3a6172000-7fb3a6173000 rw-p 0000a000 08:06 927219                     /lib/x86_64-linux-gnu/libnss_files-2.19.so
7fb3a6173000-7fb3a617e000 r-xp 00000000 08:06 927211                     /lib/x86_64-linux-gnu/libnss_nis-2.19.so
7fb3a617e000-7fb3a637d000 ---p 0000b000 08:06 927211                     /lib/x86_64-linux-gnu/libnss_nis-2.19.so
7fb3a637d000-7fb3a637e000 r--p 0000a000 08:06 927211                     /lib/x86_64-linux-gnu/libnss_nis-2.19.so
7fb3a637e000-7fb3a637f000 rw-p 0000b000 08:06 927211                     /lib/x86_64-linux-gnu/libnss_nis-2.19.so
7fb3a637f000-7fb3a6396000 r-xp 00000000 08:06 927207                     /lib/x86_64-linux-gnu/libnsl-2.19.so
7fb3a6396000-7fb3a6595000 ---p 00017000 08:06 927207                     /lib/x86_64-linux-gnu/libnsl-2.19.so
7fb3a6595000-7fb3a6596000 r--p 00016000 08:06 927207                     /lib/x86_64-linux-gnu/libnsl-2.19.so
7fb3a6596000-7fb3a6597000 rw-p 00017000 08:06 927207                     /lib/x86_64-linux-gnu/libnsl-2.19.so
7fb3a6597000-7fb3a6599000 rw-p 00000000 00:00 0 
7fb3a6599000-7fb3a65a2000 r-xp 00000000 08:06 927206                     /lib/x86_64-linux-gnu/libnss_compat-2.19.so
7fb3a65a2000-7fb3a67a1000 ---p 00009000 08:06 927206                     /lib/x86_64-linux-gnu/libnss_compat-2.19.so
7fb3a67a1000-7fb3a67a2000 r--p 00008000 08:06 927206                     /lib/x86_64-linux-gnu/libnss_compat-2.19.so
7fb3a67a2000-7fb3a67a3000 rw-p 00009000 08:06 927206                     /lib/x86_64-linux-gnu/libnss_compat-2.19.so
7fb3a67a3000-7fb3a67ce000 r-xp 00000000 08:06 1983854                    /usr/lib/jvm/java-8-oracle/jre/lib/amd64/libjava.so
7fb3a67ce000-7fb3a69cd000 ---p 0002b000 08:06 1983854                    /usr/lib/jvm/java-8-oracle/jre/lib/amd64/libjava.so
7fb3a69cd000-7fb3a69cf000 rw-p 0002a000 08:06 1983854                    /usr/lib/jvm/java-8-oracle/jre/lib/amd64/libjava.so
7fb3a69cf000-7fb3a69dc000 r-xp 00000000 08:06 1983852                    /usr/lib/jvm/java-8-oracle/jre/lib/amd64/libverify.so
7fb3a69dc000-7fb3a6bdb000 ---p 0000d000 08:06 1983852                    /usr/lib/jvm/java-8-oracle/jre/lib/amd64/libverify.so
7fb3a6bdb000-7fb3a6bdd000 rw-p 0000c000 08:06 1983852                    /usr/lib/jvm/java-8-oracle/jre/lib/amd64/libverify.so
7fb3a6bdd000-7fb3a6be4000 r-xp 00000000 08:06 927215                     /lib/x86_64-linux-gnu/librt-2.19.so
7fb3a6be4000-7fb3a6de3000 ---p 00007000 08:06 927215                     /lib/x86_64-linux-gnu/librt-2.19.so
7fb3a6de3000-7fb3a6de4000 r--p 00006000 08:06 927215                     /lib/x86_64-linux-gnu/librt-2.19.so
7fb3a6de4000-7fb3a6de5000 rw-p 00007000 08:06 927215                     /lib/x86_64-linux-gnu/librt-2.19.so
7fb3a6de5000-7fb3a6eea000 r-xp 00000000 08:06 927201                     /lib/x86_64-linux-gnu/libm-2.19.so
7fb3a6eea000-7fb3a70e9000 ---p 00105000 08:06 927201                     /lib/x86_64-linux-gnu/libm-2.19.so
7fb3a70e9000-7fb3a70ea000 r--p 00104000 08:06 927201                     /lib/x86_64-linux-gnu/libm-2.19.so
7fb3a70ea000-7fb3a70eb000 rw-p 00105000 08:06 927201                     /lib/x86_64-linux-gnu/libm-2.19.so
7fb3a70eb000-7fb3a7db8000 r-xp 00000000 08:06 1983850                    /usr/lib/jvm/java-8-oracle/jre/lib/amd64/server/libjvm.so
7fb3a7db8000-7fb3a7fb7000 ---p 00ccd000 08:06 1983850                    /usr/lib/jvm/java-8-oracle/jre/lib/amd64/server/libjvm.so
7fb3a7fb7000-7fb3a8090000 rw-p 00ccc000 08:06 1983850                    /usr/lib/jvm/java-8-oracle/jre/lib/amd64/server/libjvm.so
7fb3a8090000-7fb3a80db000 rw-p 00000000 00:00 0 
7fb3a80db000-7fb3a8295000 r-xp 00000000 08:06 927216                     /lib/x86_64-linux-gnu/libc-2.19.so
7fb3a8295000-7fb3a8495000 ---p 001ba000 08:06 927216                     /lib/x86_64-linux-gnu/libc-2.19.so
7fb3a8495000-7fb3a8499000 r--p 001ba000 08:06 927216                     /lib/x86_64-linux-gnu/libc-2.19.so
7fb3a8499000-7fb3a849b000 rw-p 001be000 08:06 927216                     /lib/x86_64-linux-gnu/libc-2.19.so
7fb3a849b000-7fb3a84a0000 rw-p 00000000 00:00 0 
7fb3a84a0000-7fb3a84a3000 r-xp 00000000 08:06 927203                     /lib/x86_64-linux-gnu/libdl-2.19.so
7fb3a84a3000-7fb3a86a2000 ---p 00003000 08:06 927203                     /lib/x86_64-linux-gnu/libdl-2.19.so
7fb3a86a2000-7fb3a86a3000 r--p 00002000 08:06 927203                     /lib/x86_64-linux-gnu/libdl-2.19.so
7fb3a86a3000-7fb3a86a4000 rw-p 00003000 08:06 927203                     /lib/x86_64-linux-gnu/libdl-2.19.so
7fb3a86a4000-7fb3a86b9000 r-xp 00000000 08:06 1983796                    /usr/lib/jvm/java-8-oracle/jre/lib/amd64/jli/libjli.so
7fb3a86b9000-7fb3a88b9000 ---p 00015000 08:06 1983796                    /usr/lib/jvm/java-8-oracle/jre/lib/amd64/jli/libjli.so
7fb3a88b9000-7fb3a88ba000 rw-p 00015000 08:06 1983796                    /usr/lib/jvm/java-8-oracle/jre/lib/amd64/jli/libjli.so
7fb3a88ba000-7fb3a88d3000 r-xp 00000000 08:06 927208                     /lib/x86_64-linux-gnu/libpthread-2.19.so
7fb3a88d3000-7fb3a8ad2000 ---p 00019000 08:06 927208                     /lib/x86_64-linux-gnu/libpthread-2.19.so
7fb3a8ad2000-7fb3a8ad3000 r--p 00018000 08:06 927208                     /lib/x86_64-linux-gnu/libpthread-2.19.so
7fb3a8ad3000-7fb3a8ad4000 rw-p 00019000 08:06 927208                     /lib/x86_64-linux-gnu/libpthread-2.19.so
7fb3a8ad4000-7fb3a8ad8000 rw-p 00000000 00:00 0 
7fb3a8ad8000-7fb3a8afb000 r-xp 00000000 08:06 927209                     /lib/x86_64-linux-gnu/ld-2.19.so
7fb3a8afb000-7fb3a8afc000 rw-p 00000000 00:00 0 
7fb3a8afc000-7fb3a8afe000 r--s 00005000 08:06 2647720                    /home/mohamed/Desktop/stanford-corenlp-full-2016-10-31/slf4j-api.jar
7fb3a8afe000-7fb3a8b00000 r--s 0000c000 08:06 2647698                    /home/mohamed/Desktop/stanford-corenlp-full-2016-10-31/javax.json-api-1.0-sources.jar
7fb3a8b00000-7fb3a8b05000 r--s 0002c000 08:06 2647676                    /home/mohamed/Desktop/stanford-corenlp-full-2016-10-31/jollyday-0.4.9-sources.jar
7fb3a8b05000-7fb3a8b16000 r--s 00089000 08:06 2647712                    /home/mohamed/Desktop/stanford-corenlp-full-2016-10-31/joda-time.jar
7fb3a8b16000-7fb3a8bd5000 rw-p 00000000 00:00 0 
7fb3a8bd5000-7fb3a8bd8000 ---p 00000000 00:00 0 
7fb3a8bd8000-7fb3a8cda000 rw-p 00000000 00:00 0                          [stack:31033]
7fb3a8cda000-7fb3a8cdb000 r--s 00002000 08:06 2647706                    /home/mohamed/Desktop/stanford-corenlp-full-2016-10-31/slf4j-simple.jar
7fb3a8cdb000-7fb3a8ce1000 r--s 19d02000 08:06 2647710                    /home/mohamed/Desktop/stanford-corenlp-full-2016-10-31/stanford-corenlp-3.7.0-models.jar
7fb3a8ce1000-7fb3a8ce6000 r--s 00030000 08:06 2647732                    /home/mohamed/Desktop/stanford-corenlp-full-2016-10-31/jollyday.jar
7fb3a8ce6000-7fb3a8cee000 r--s 0009d000 08:06 2647670                    /home/mohamed/Desktop/stanford-corenlp-full-2016-10-31/xom-1.2.10-src.jar
7fb3a8cee000-7fb3a8cf6000 rw-s 00000000 08:06 402365                     /tmp/hsperfdata_mohamed/31032
7fb3a8cf6000-7fb3a8cf7000 rw-p 00000000 00:00 0 
7fb3a8cf7000-7fb3a8cf8000 ---p 00000000 00:00 0 
7fb3a8cf8000-7fb3a8cfa000 rw-p 00000000 00:00 0 
7fb3a8cfa000-7fb3a8cfb000 r--p 00022000 08:06 927209                     /lib/x86_64-linux-gnu/ld-2.19.so
7fb3a8cfb000-7fb3a8cfc000 rw-p 00023000 08:06 927209                     /lib/x86_64-linux-gnu/ld-2.19.so
7fb3a8cfc000-7fb3a8cfd000 rw-p 00000000 00:00 0 
7fff38dc8000-7fff38de9000 rw-p 00000000 00:00 0                          [stack]
7fff38df8000-7fff38dfa000 r-xp 00000000 00:00 0                          [vdso]
ffffffffff600000-ffffffffff601000 r-xp 00000000 00:00 0                  [vsyscall]

VM Arguments:
jvm_args: -Xmx3g 
java_command: edu.stanford.nlp.pipeline.StanfordCoreNLP -annotators tokenize,ssplit,pos,lemma,truecase,ner,depparse,dcoref,openie -truecase.overwriteText true -file input.txt -outputFormat json
java_class_path (initial): stanford-corenlp-3.7.0-javadoc.jar:xom-1.2.10-src.jar:jollyday.jar:joda-time.jar:stanford-corenlp-3.7.0-models.jar:jollyday-0.4.9-sources.jar:javax.json-api-1.0-sources.jar:slf4j-api.jar:protobuf.jar:slf4j-simple.jar:stanford-corenlp-3.7.0.jar:javax.json.jar:xom.jar:stanford-corenlp-3.7.0-sources.jar:joda-time-2.9-sources.jar:ejml-0.23.jar
Launcher Type: SUN_STANDARD

Environment Variables:
JAVA_HOME=/usr/lib/jvm/java-8-oracle
PATH=/usr/local/sbin:/usr/local/bin:/usr/sbin:/usr/bin:/sbin:/bin:/usr/games:/usr/local/games:/usr/lib/jvm/java-8-oracle/bin:/usr/lib/jvm/java-8-oracle/db/bin:/usr/lib/jvm/java-8-oracle/jre/bin
SHELL=/bin/bash
DISPLAY=:0

Signal Handlers:
SIGSEGV: [libjvm.so+0xac64b0], sa_mask[0]=11111111011111111101111111111110, sa_flags=SA_RESTART|SA_SIGINFO
SIGBUS: [libjvm.so+0xac64b0], sa_mask[0]=11111111011111111101111111111110, sa_flags=SA_RESTART|SA_SIGINFO
SIGFPE: [libjvm.so+0x91f950], sa_mask[0]=11111111011111111101111111111110, sa_flags=SA_RESTART|SA_SIGINFO
SIGPIPE: [libjvm.so+0x91f950], sa_mask[0]=11111111011111111101111111111110, sa_flags=SA_RESTART|SA_SIGINFO
SIGXFSZ: [libjvm.so+0x91f950], sa_mask[0]=11111111011111111101111111111110, sa_flags=SA_RESTART|SA_SIGINFO
SIGILL: [libjvm.so+0x91f950], sa_mask[0]=11111111011111111101111111111110, sa_flags=SA_RESTART|SA_SIGINFO
SIGUSR1: SIG_DFL, sa_mask[0]=00000000000000000000000000000000, sa_flags=none
SIGUSR2: [libjvm.so+0x920f80], sa_mask[0]=00000000000000000000000000000000, sa_flags=SA_RESTART|SA_SIGINFO
SIGHUP: [libjvm.so+0x922380], sa_mask[0]=11111111011111111101111111111110, sa_flags=SA_RESTART|SA_SIGINFO
SIGINT: [libjvm.so+0x922380], sa_mask[0]=11111111011111111101111111111110, sa_flags=SA_RESTART|SA_SIGINFO
SIGTERM: [libjvm.so+0x922380], sa_mask[0]=11111111011111111101111111111110, sa_flags=SA_RESTART|SA_SIGINFO
SIGQUIT: [libjvm.so+0x922380], sa_mask[0]=11111111011111111101111111111110, sa_flags=SA_RESTART|SA_SIGINFO


---------------  S Y S T E M  ---------------

OS:DISTRIB_ID=Ubuntu
DISTRIB_RELEASE=14.04
DISTRIB_CODENAME=trusty
DISTRIB_DESCRIPTION="Ubuntu 14.04.5 LTS"

uname:Linux 3.13.0-93-generic #140-Ubuntu SMP Mon Jul 18 21:21:05 UTC 2016 x86_64
libc:glibc 2.19 NPTL 2.19 
rlimit: STACK 8192k, CORE 0k, NPROC 29864, NOFILE 4096, AS infinity
load average:8.07 3.37 1.96

/proc/meminfo:
MemTotal:        3914008 kB
MemFree:          127712 kB
Buffers:             340 kB
Cached:            71824 kB
SwapCached:        20728 kB
Active:          2897128 kB
Inactive:         721436 kB
Active(anon):    2894660 kB
Inactive(anon):   715092 kB
Active(file):       2468 kB
Inactive(file):     6344 kB
Unevictable:          16 kB
Mlocked:              16 kB
SwapTotal:       2371580 kB
SwapFree:             88 kB
Dirty:                88 kB
Writeback:            76 kB
AnonPages:       3525972 kB
Mapped:            16408 kB
Shmem:             63184 kB
Slab:              65488 kB
SReclaimable:      30596 kB
SUnreclaim:        34892 kB
KernelStack:        4664 kB
PageTables:        45160 kB
NFS_Unstable:          0 kB
Bounce:                0 kB
WritebackTmp:          0 kB
CommitLimit:     4328584 kB
Committed_AS:   10055796 kB
VmallocTotal:   34359738367 kB
VmallocUsed:      545264 kB
VmallocChunk:   34359181788 kB
HardwareCorrupted:     0 kB
AnonHugePages:   1679360 kB
HugePages_Total:       0
HugePages_Free:        0
HugePages_Rsvd:        0
HugePages_Surp:        0
Hugepagesize:       2048 kB
DirectMap4k:       85756 kB
DirectMap2M:     3975168 kB


CPU:total 4 (2 cores per cpu, 2 threads per core) family 6 model 58 stepping 9, cmov, cx8, fxsr, mmx, sse, sse2, sse3, ssse3, sse4.1, sse4.2, popcnt, avx, clmul, erms, ht, tsc, tscinvbit, tscinv

/proc/cpuinfo:
processor	: 0
vendor_id	: GenuineIntel
cpu family	: 6
model		: 58
model name	: Intel(R) Core(TM) i3-3217U CPU @ 1.80GHz
stepping	: 9
microcode	: 0x17
cpu MHz		: 774.000
cache size	: 3072 KB
physical id	: 0
siblings	: 4
core id		: 0
cpu cores	: 2
apicid		: 0
initial apicid	: 0
fpu		: yes
fpu_exception	: yes
cpuid level	: 13
wp		: yes
flags		: fpu vme de pse tsc msr pae mce cx8 apic sep mtrr pge mca cmov pat pse36 clflush dts acpi mmx fxsr sse sse2 ss ht tm pbe syscall nx rdtscp lm constant_tsc arch_perfmon pebs bts rep_good nopl xtopology nonstop_tsc aperfmperf eagerfpu pni pclmulqdq dtes64 monitor ds_cpl vmx est tm2 ssse3 cx16 xtpr pdcm pcid sse4_1 sse4_2 x2apic popcnt tsc_deadline_timer xsave avx f16c lahf_lm ida arat epb xsaveopt pln pts dtherm tpr_shadow vnmi flexpriority ept vpid fsgsbase smep erms
bogomips	: 3591.65
clflush size	: 64
cache_alignment	: 64
address sizes	: 36 bits physical, 48 bits virtual
power management:

processor	: 1
vendor_id	: GenuineIntel
cpu family	: 6
model		: 58
model name	: Intel(R) Core(TM) i3-3217U CPU @ 1.80GHz
stepping	: 9
microcode	: 0x17
cpu MHz		: 1801.000
cache size	: 3072 KB
physical id	: 0
siblings	: 4
core id		: 0
cpu cores	: 2
apicid		: 1
initial apicid	: 1
fpu		: yes
fpu_exception	: yes
cpuid level	: 13
wp		: yes
flags		: fpu vme de pse tsc msr pae mce cx8 apic sep mtrr pge mca cmov pat pse36 clflush dts acpi mmx fxsr sse sse2 ss ht tm pbe syscall nx rdtscp lm constant_tsc arch_perfmon pebs bts rep_good nopl xtopology nonstop_tsc aperfmperf eagerfpu pni pclmulqdq dtes64 monitor ds_cpl vmx est tm2 ssse3 cx16 xtpr pdcm pcid sse4_1 sse4_2 x2apic popcnt tsc_deadline_timer xsave avx f16c lahf_lm ida arat epb xsaveopt pln pts dtherm tpr_shadow vnmi flexpriority ept vpid fsgsbase smep erms
bogomips	: 3591.65
clflush size	: 64
cache_alignment	: 64
address sizes	: 36 bits physical, 48 bits virtual
power management:

processor	: 2
vendor_id	: GenuineIntel
cpu family	: 6
model		: 58
model name	: Intel(R) Core(TM) i3-3217U CPU @ 1.80GHz
stepping	: 9
microcode	: 0x17
cpu MHz		: 1801.000
cache size	: 3072 KB
physical id	: 0
siblings	: 4
core id		: 1
cpu cores	: 2
apicid		: 2
initial apicid	: 2
fpu		: yes
fpu_exception	: yes
cpuid level	: 13
wp		: yes
flags		: fpu vme de pse tsc msr pae mce cx8 apic sep mtrr pge mca cmov pat pse36 clflush dts acpi mmx fxsr sse sse2 ss ht tm pbe syscall nx rdtscp lm constant_tsc arch_perfmon pebs bts rep_good nopl xtopology nonstop_tsc aperfmperf eagerfpu pni pclmulqdq dtes64 monitor ds_cpl vmx est tm2 ssse3 cx16 xtpr pdcm pcid sse4_1 sse4_2 x2apic popcnt tsc_deadline_timer xsave avx f16c lahf_lm ida arat epb xsaveopt pln pts dtherm tpr_shadow vnmi flexpriority ept vpid fsgsbase smep erms
bogomips	: 3591.65
clflush size	: 64
cache_alignment	: 64
address sizes	: 36 bits physical, 48 bits virtual
power management:

processor	: 3
vendor_id	: GenuineIntel
cpu family	: 6
model		: 58
model name	: Intel(R) Core(TM) i3-3217U CPU @ 1.80GHz
stepping	: 9
microcode	: 0x17
cpu MHz		: 1100.000
cache size	: 3072 KB
physical id	: 0
siblings	: 4
core id		: 1
cpu cores	: 2
apicid		: 3
initial apicid	: 3
fpu		: yes
fpu_exception	: yes
cpuid level	: 13
wp		: yes
flags		: fpu vme de pse tsc msr pae mce cx8 apic sep mtrr pge mca cmov pat pse36 clflush dts acpi mmx fxsr sse sse2 ss ht tm pbe syscall nx rdtscp lm constant_tsc arch_perfmon pebs bts rep_good nopl xtopology nonstop_tsc aperfmperf eagerfpu pni pclmulqdq dtes64 monitor ds_cpl vmx est tm2 ssse3 cx16 xtpr pdcm pcid sse4_1 sse4_2 x2apic popcnt tsc_deadline_timer xsave avx f16c lahf_lm ida arat epb xsaveopt pln pts dtherm tpr_shadow vnmi flexpriority ept vpid fsgsbase smep erms
bogomips	: 3591.65
clflush size	: 64
cache_alignment	: 64
address sizes	: 36 bits physical, 48 bits virtual
power management:



Memory: 4k page, physical 3914008k(127712k free), swap 2371580k(88k free)

vm_info: Java HotSpot(TM) 64-Bit Server VM (25.111-b14) for linux-amd64 JRE (1.8.0_111-b14), built on Sep 22 2016 16:14:03 by "java_re" with gcc 4.3.0 20080428 (Red Hat 4.3.0-8)

time: Fri Feb  3 04:33:40 2017
elapsed time: 103 seconds (0d 0h 1m 43s)

